Image received on server
Checksum :  3551082528 size : 10152958 sha256 97fa61bb4bae12d25bf6cc061bbbe78b5761d6b582432da5906c70dca34dcd28 md5 d4f0b227d3cc167afe8099c5edcfc5fc status: True
Image received on server
Checksum :  3551082528 size : 10152958 sha256 97fa61bb4bae12d25bf6cc061bbbe78b5761d6b582432da5906c70dca34dcd28 md5 d4f0b227d3cc167afe8099c5edcfc5fc status: True
Image received on server
Checksum :  3551082528 size : 10152958 sha256 97fa61bb4bae12d25bf6cc061bbbe78b5761d6b582432da5906c70dca34dcd28 md5 d4f0b227d3cc167afe8099c5edcfc5fc status: True
Image received on server
Checksum :  3551082528 size : 10152958 sha256 97fa61bb4bae12d25bf6cc061bbbe78b5761d6b582432da5906c70dca34dcd28 md5 d4f0b227d3cc167afe8099c5edcfc5fc status: True
Image received on server
Checksum :  3551082528 size : 10152958 sha256 97fa61bb4bae12d25bf6cc061bbbe78b5761d6b582432da5906c70dca34dcd28 md5 d4f0b227d3cc167afe8099c5edcfc5fc status: True
Payload is completed, Connection Closed
[Info] Connection is Closed from Client side
[INFO]: Connection closed
Time taken MultiProcess : 5.026636362075806
Image received on server
Checksum :  3551082528 size : 10152958 sha256 97fa61bb4bae12d25bf6cc061bbbe78b5761d6b582432da5906c70dca34dcd28 md5 d4f0b227d3cc167afe8099c5edcfc5fc status: True
Image received on server
Checksum :  3551082528 size : 10152958 sha256 97fa61bb4bae12d25bf6cc061bbbe78b5761d6b582432da5906c70dca34dcd28 md5 d4f0b227d3cc167afe8099c5edcfc5fc status: True
Image received on server
Checksum :  3551082528 size : 10152958 sha256 97fa61bb4bae12d25bf6cc061bbbe78b5761d6b582432da5906c70dca34dcd28 md5 d4f0b227d3cc167afe8099c5edcfc5fc status: True
Image received on server
Checksum :  3551082528 size : 10152958 sha256 97fa61bb4bae12d25bf6cc061bbbe78b5761d6b582432da5906c70dca34dcd28 md5 d4f0b227d3cc167afe8099c5edcfc5fc status: True
Image received on server
Checksum :  3551082528 size : 10152958 sha256 97fa61bb4bae12d25bf6cc061bbbe78b5761d6b582432da5906c70dca34dcd28 md5 d4f0b227d3cc167afe8099c5edcfc5fc status: True
Payload is completed, Connection Closed
[Info] Connection is Closed from Client side
[INFO]: Connection closed
Time taken MultiProcess : 5.382518529891968
Image received on server
Checksum :  3551082528 size : 10152958 sha256 97fa61bb4bae12d25bf6cc061bbbe78b5761d6b582432da5906c70dca34dcd28 md5 d4f0b227d3cc167afe8099c5edcfc5fc status: True
Image received on server
Checksum :  3551082528 size : 10152958 sha256 97fa61bb4bae12d25bf6cc061bbbe78b5761d6b582432da5906c70dca34dcd28 md5 d4f0b227d3cc167afe8099c5edcfc5fc status: True
Image received on server
Checksum :  3551082528 size : 10152958 sha256 97fa61bb4bae12d25bf6cc061bbbe78b5761d6b582432da5906c70dca34dcd28 md5 d4f0b227d3cc167afe8099c5edcfc5fc status: True
Image received on server
Checksum :  3551082528 size : 10152958 sha256 97fa61bb4bae12d25bf6cc061bbbe78b5761d6b582432da5906c70dca34dcd28 md5 d4f0b227d3cc167afe8099c5edcfc5fc status: True
Image received on server
Checksum :  3551082528 size : 10152958 sha256 97fa61bb4bae12d25bf6cc061bbbe78b5761d6b582432da5906c70dca34dcd28 md5 d4f0b227d3cc167afe8099c5edcfc5fc status: True
Payload is completed, Connection Closed
[Info] Connection is Closed from Client side
[INFO]: Connection closed
Time taken MultiProcess : 10.052051067352295
Image received on server
Checksum :  3551082528 size : 10152958 sha256 97fa61bb4bae12d25bf6cc061bbbe78b5761d6b582432da5906c70dca34dcd28 md5 d4f0b227d3cc167afe8099c5edcfc5fc status: True
Image received on server
Checksum :  3551082528 size : 10152958 sha256 97fa61bb4bae12d25bf6cc061bbbe78b5761d6b582432da5906c70dca34dcd28 md5 d4f0b227d3cc167afe8099c5edcfc5fc status: True
Image received on server
Checksum :  3551082528 size : 10152958 sha256 97fa61bb4bae12d25bf6cc061bbbe78b5761d6b582432da5906c70dca34dcd28 md5 d4f0b227d3cc167afe8099c5edcfc5fc status: True
Image received on server
Checksum :  3551082528 size : 10152958 sha256 97fa61bb4bae12d25bf6cc061bbbe78b5761d6b582432da5906c70dca34dcd28 md5 d4f0b227d3cc167afe8099c5edcfc5fc status: True
Image received on server
Checksum :  3551082528 size : 10152958 sha256 97fa61bb4bae12d25bf6cc061bbbe78b5761d6b582432da5906c70dca34dcd28 md5 d4f0b227d3cc167afe8099c5edcfc5fc status: True
Payload is completed, Connection Closed
[Info] Connection is Closed from Client side
[INFO]: Connection closed
Time taken MultiProcess : 7.394169330596924
